[    0.000000] Linux version 4.15.0-88-generic (buildd@lgw01-amd64-036) (gcc version 7.4.0 (Ubuntu 7.4.0-1ubuntu1~18.04.1)) #88-Ubuntu SMP Tue Feb 11 20:11:34 UTC 2020 (Ubuntu 4.15.0-88.88-generic 4.15.18)
[    0.000000] Command line: BOOT_IMAGE=/boot/vmlinuz-4.15.0-88-generic root=LABEL=cloudimg-rootfs ro console=tty1 console=ttyS0
[    0.000000] KERNEL supported cpus:
[    0.000000]   Intel GenuineIntel
[    0.000000]   AMD AuthenticAMD
[    0.000000]   Centaur CentaurHauls
[    0.000000] x86/fpu: Supporting XSAVE feature 0x001: 'x87 floating point registers'
[    0.000000] x86/fpu: Supporting XSAVE feature 0x002: 'SSE registers'
[    0.000000] x86/fpu: Supporting XSAVE feature 0x004: 'AVX registers'
[    0.000000] x86/fpu: xstate_offset[2]:  576, xstate_sizes[2]:  256
[    0.000000] x86/fpu: Enabled xstate features 0x7, context size is 832 bytes, using 'standard' format.
[    0.000000] e820: BIOS-provided physical RAM map:
[    0.000000] BIOS-e820: [mem 0x0000000000000000-0x000000000009fbff] usable
[    0.000000] BIOS-e820: [mem 0x000000000009fc00-0x000000000009ffff] reserved
[    0.000000] BIOS-e820: [mem 0x00000000000f0000-0x00000000000fffff] reserved
[    0.000000] BIOS-e820: [mem 0x0000000000100000-0x00000000dffeffff] usable
[    0.000000] BIOS-e820: [mem 0x00000000dfff0000-0x00000000dfffffff] ACPI data
[    0.000000] BIOS-e820: [mem 0x00000000fec00000-0x00000000fec00fff] reserved
[    0.000000] BIOS-e820: [mem 0x00000000fee00000-0x00000000fee00fff] reserved
[    0.000000] BIOS-e820: [mem 0x00000000fffc0000-0x00000000ffffffff] reserved
[    0.000000] BIOS-e820: [mem 0x0000000100000000-0x0000000159ffffff] usable
[    0.000000] NX (Execute Disable) protection: active
[    0.000000] SMBIOS 2.5 present.
[    0.000000] DMI: innotek GmbH VirtualBox/VirtualBox, BIOS VirtualBox 12/01/2006
[    0.000000] Hypervisor detected: KVM
[    0.000000] e820: last_pfn = 0x15a000 max_arch_pfn = 0x400000000
[    0.000000] MTRR: Disabled
[    0.000000] x86/PAT: MTRRs disabled, skipping PAT initialization too.
[    0.000000] CPU MTRRs all blank - virtualized system.
[    0.000000] x86/PAT: Configuration [0-7]: WB  WT  UC- UC  WB  WT  UC- UC  
[    0.000000] e820: last_pfn = 0xdfff0 max_arch_pfn = 0x400000000
[    0.000000] found SMP MP-table at [mem 0x0009fff0-0x0009ffff]
[    0.000000] Scanning 1 areas for low memory corruption
[    0.000000] RAMDISK: [mem 0x35a6d000-0x36d2dfff]
[    0.000000] ACPI: Early table checksum verification disabled
[    0.000000] ACPI: RSDP 0x00000000000E0000 000024 (v02 VBOX  )
[    0.000000] ACPI: XSDT 0x00000000DFFF0030 00003C (v01 VBOX   VBOXXSDT 00000001 ASL  00000061)
[    0.000000] ACPI: FACP 0x00000000DFFF00F0 0000F4 (v04 VBOX   VBOXFACP 00000001 ASL  00000061)
[    0.000000] ACPI: DSDT 0x00000000DFFF0470 002325 (v02 VBOX   VBOXBIOS 00000002 INTL 20190509)
[    0.000000] ACPI: FACS 0x00000000DFFF0200 000040
[    0.000000] ACPI: FACS 0x00000000DFFF0200 000040
[    0.000000] ACPI: APIC 0x00000000DFFF0240 00005C (v02 VBOX   VBOXAPIC 00000001 ASL  00000061)
[    0.000000] ACPI: SSDT 0x00000000DFFF02A0 0001CC (v01 VBOX   VBOXCPUT 00000002 INTL 20190509)
[    0.000000] No NUMA configuration found
[    0.000000] Faking a node at [mem 0x0000000000000000-0x0000000159ffffff]
[    0.000000] NODE_DATA(0) allocated [mem 0x159fd1000-0x159ffbfff]
[    0.000000] kvm-clock: cpu 0, msr 1:59f50001, primary cpu clock
[    0.000000] kvm-clock: Using msrs 4b564d01 and 4b564d00
[    0.000000] kvm-clock: using sched offset of 3546190599 cycles
[    0.000000] clocksource: kvm-clock: mask: 0xffffffffffffffff max_cycles: 0x1cd42e4dffb, max_idle_ns: 881590591483 ns
[    0.000000] Zone ranges:
[    0.000000]   DMA      [mem 0x0000000000001000-0x0000000000ffffff]
[    0.000000]   DMA32    [mem 0x0000000001000000-0x00000000ffffffff]
[    0.000000]   Normal   [mem 0x0000000100000000-0x0000000159ffffff]
[    0.000000]   Device   empty
[    0.000000] Movable zone start for each node
[    0.000000] Early memory node ranges
[    0.000000]   node   0: [mem 0x0000000000001000-0x000000000009efff]
[    0.000000]   node   0: [mem 0x0000000000100000-0x00000000dffeffff]
[    0.000000]   node   0: [mem 0x0000000100000000-0x0000000159ffffff]
[    0.000000] Reserved but unavailable: 98 pages
[    0.000000] Initmem setup node 0 [mem 0x0000000000001000-0x0000000159ffffff]
[    0.000000] ACPI: PM-Timer IO Port: 0x4008
[    0.000000] IOAPIC[0]: apic_id 2, version 32, address 0xfec00000, GSI 0-23
[    0.000000] ACPI: INT_SRC_OVR (bus 0 bus_irq 0 global_irq 2 dfl dfl)
[    0.000000] ACPI: INT_SRC_OVR (bus 0 bus_irq 9 global_irq 9 low level)
[    0.000000] Using ACPI (MADT) for SMP configuration information
[    0.000000] smpboot: Allowing 2 CPUs, 0 hotplug CPUs
[    0.000000] PM: Registered nosave memory: [mem 0x00000000-0x00000fff]
[    0.000000] PM: Registered nosave memory: [mem 0x0009f000-0x0009ffff]
[    0.000000] PM: Registered nosave memory: [mem 0x000a0000-0x000effff]
[    0.000000] PM: Registered nosave memory: [mem 0x000f0000-0x000fffff]
[    0.000000] PM: Registered nosave memory: [mem 0xdfff0000-0xdfffffff]
[    0.000000] PM: Registered nosave memory: [mem 0xe0000000-0xfebfffff]
[    0.000000] PM: Registered nosave memory: [mem 0xfec00000-0xfec00fff]
[    0.000000] PM: Registered nosave memory: [mem 0xfec01000-0xfedfffff]
[    0.000000] PM: Registered nosave memory: [mem 0xfee00000-0xfee00fff]
[    0.000000] PM: Registered nosave memory: [mem 0xfee01000-0xfffbffff]
[    0.000000] PM: Registered nosave memory: [mem 0xfffc0000-0xffffffff]
[    0.000000] e820: [mem 0xe0000000-0xfebfffff] available for PCI devices
[    0.000000] Booting paravirtualized kernel on KVM
[    0.000000] clocksource: refined-jiffies: mask: 0xffffffff max_cycles: 0xffffffff, max_idle_ns: 7645519600211568 ns
[    0.000000] random: get_random_bytes called from start_kernel+0x99/0x4fd with crng_init=0
[    0.000000] setup_percpu: NR_CPUS:8192 nr_cpumask_bits:2 nr_cpu_ids:2 nr_node_ids:1
[    0.000000] percpu: Embedded 45 pages/cpu s147456 r8192 d28672 u1048576
[    0.000000] PV qspinlock hash table entries: 256 (order: 0, 4096 bytes)
[    0.000000] Built 1 zonelists, mobility grouping on.  Total pages: 1265913
[    0.000000] Policy zone: Normal
[    0.000000] Kernel command line: BOOT_IMAGE=/boot/vmlinuz-4.15.0-88-generic root=LABEL=cloudimg-rootfs ro console=tty1 console=ttyS0
[    0.000000] Memory: 4947564K/5144120K available (12300K kernel code, 2481K rwdata, 4264K rodata, 2428K init, 2712K bss, 196556K reserved, 0K cma-reserved)
[    0.000000] SLUB: HWalign=64, Order=0-3, MinObjects=0, CPUs=2, Nodes=1
[    0.000000] Kernel/User page tables isolation: enabled
[    0.000000] ftrace: allocating 39344 entries in 154 pages
[    0.004000] Hierarchical RCU implementation.
[    0.004000] 	RCU restricting CPUs from NR_CPUS=8192 to nr_cpu_ids=2.
[    0.004000] 	Tasks RCU enabled.
[    0.004000] RCU: Adjusting geometry for rcu_fanout_leaf=16, nr_cpu_ids=2
[    0.004000] NR_IRQS: 524544, nr_irqs: 440, preallocated irqs: 16
[    0.004000] Console: colour VGA+ 80x25
[    0.004000] console [tty1] enabled
[    0.004000] console [ttyS0] enabled
[    0.004000] ACPI: Core revision 20170831
[    0.004000] ACPI: 2 ACPI AML tables successfully acquired and loaded
[    0.004000] APIC: Switch to symmetric I/O mode setup
[    0.004000] x2apic enabled
[    0.004000] Switched APIC routing to physical x2apic.
[    0.004000] ..TIMER: vector=0x30 apic1=0 pin1=2 apic2=-1 pin2=-1
[    0.004000] tsc: Detected 1992.057 MHz processor
[    0.004000] Calibrating delay loop (skipped) preset value.. 3984.11 BogoMIPS (lpj=7968228)
[    0.004004] pid_max: default: 32768 minimum: 301
[    0.004587] Security Framework initialized
[    0.005101] Yama: becoming mindful.
[    0.005506] AppArmor: AppArmor initialized
[    0.008000] Dentry cache hash table entries: 1048576 (order: 11, 8388608 bytes)
[    0.009108] Inode-cache hash table entries: 524288 (order: 10, 4194304 bytes)
[    0.009859] Mount-cache hash table entries: 16384 (order: 5, 131072 bytes)
[    0.012011] Mountpoint-cache hash table entries: 16384 (order: 5, 131072 bytes)
[    0.012996] Last level iTLB entries: 4KB 64, 2MB 8, 4MB 8
[    0.013611] Last level dTLB entries: 4KB 64, 2MB 0, 4MB 0, 1GB 4
[    0.014247] Spectre V1 : Mitigation: usercopy/swapgs barriers and __user pointer sanitization
[    0.015139] Spectre V2 : Mitigation: Full generic retpoline
[    0.016001] Spectre V2 : Spectre v2 / SpectreRSB mitigation: Filling RSB on context switch
[    0.016900] Speculative Store Bypass: Vulnerable
[    0.017442] MDS: Mitigation: Clear CPU buffers
[    0.018054] Freeing SMP alternatives memory: 36K
[    0.128190] smpboot: CPU0: Intel(R) Core(TM) i7-8565U CPU @ 1.80GHz (family: 0x6, model: 0x8e, stepping: 0xc)
[    0.129358] Performance Events: unsupported p6 CPU model 142 no PMU driver, software events only.
[    0.130309] Hierarchical SRCU implementation.
[    0.131257] NMI watchdog: Perf event create on CPU 0 failed with -2
[    0.131910] NMI watchdog: Perf NMI watchdog permanently disabled
[    0.132442] smp: Bringing up secondary CPUs ...
[    0.132998] x86: Booting SMP configuration:
[    0.133520] .... node  #0, CPUs:      #1
[    0.004000] kvm-clock: cpu 1, msr 1:59f50041, secondary cpu clock
[    0.136016] smp: Brought up 1 node, 2 CPUs
[    0.136452] smpboot: Max logical packages: 1
[    0.136929] smpboot: Total of 2 processors activated (7968.22 BogoMIPS)
[    0.137809] devtmpfs: initialized
[    0.137809] x86/mm: Memory block size: 128MB
[    0.137809] evm: security.selinux
[    0.140004] evm: security.SMACK64
[    0.140379] evm: security.SMACK64EXEC
[    0.140784] evm: security.SMACK64TRANSMUTE
[    0.141243] evm: security.SMACK64MMAP
[    0.141663] evm: security.apparmor
[    0.142044] evm: security.ima
[    0.142387] evm: security.capability
[    0.142822] clocksource: jiffies: mask: 0xffffffff max_cycles: 0xffffffff, max_idle_ns: 7645041785100000 ns
[    0.144006] futex hash table entries: 512 (order: 3, 32768 bytes)
[    0.144683] pinctrl core: initialized pinctrl subsystem
[    0.145388] RTC time: 12:54:04, date: 03/01/20
[    0.146082] NET: Registered protocol family 16
[    0.146613] audit: initializing netlink subsys (disabled)
[    0.147201] audit: type=2000 audit(1583067249.543:1): state=initialized audit_enabled=0 res=1
[    0.148009] cpuidle: using governor ladder
[    0.148468] cpuidle: using governor menu
[    0.148991] ACPI: bus type PCI registered
[    0.149437] acpiphp: ACPI Hot Plug PCI Controller Driver version: 0.5
[    0.150169] PCI: Using configuration type 1 for base access
[    0.152223] HugeTLB registered 2.00 MiB page size, pre-allocated 0 pages
[    0.152788] ACPI: Added _OSI(Module Device)
[    0.152788] ACPI: Added _OSI(Processor Device)
[    0.153000] ACPI: Added _OSI(3.0 _SCP Extensions)
[    0.153504] ACPI: Added _OSI(Processor Aggregator Device)
[    0.154077] ACPI: Added _OSI(Linux-Dell-Video)
[    0.156003] ACPI: Added _OSI(Linux-Lenovo-NV-HDMI-Audio)
[    0.156628] ACPI: Added _OSI(Linux-HPI-Hybrid-Graphics)
[    0.157385] ACPI: Executed 1 blocks of module-level executable AML code
[    0.160477] ACPI: Interpreter enabled
[    0.160951] ACPI: (supports S0 S5)
[    0.161351] ACPI: Using IOAPIC for interrupt routing
[    0.162057] PCI: Using host bridge windows from ACPI; if necessary, use "pci=nocrs" and report a bug
[    0.163116] ACPI: Enabled 2 GPEs in block 00 to 07
[    0.167633] ACPI: PCI Root Bridge [PCI0] (domain 0000 [bus 00-ff])
[    0.168005] acpi PNP0A03:00: _OSC: OS supports [ASPM ClockPM Segments MSI]
[    0.169056] acpi PNP0A03:00: _OSC: not requesting OS control; OS requires [ExtendedConfig ASPM ClockPM MSI]
[    0.170105] acpi PNP0A03:00: fail to add MMCONFIG information, can't access extended PCI configuration space under this bridge.
[    0.172258] PCI host bridge to bus 0000:00
[    0.172704] pci_bus 0000:00: root bus resource [io  0x0000-0x0cf7 window]
[    0.173396] pci_bus 0000:00: root bus resource [io  0x0d00-0xffff window]
[    0.174148] pci_bus 0000:00: root bus resource [mem 0x000a0000-0x000bffff window]
[    0.174937] pci_bus 0000:00: root bus resource [mem 0xe0000000-0xfdffffff window]
[    0.175739] pci_bus 0000:00: root bus resource [bus 00-ff]
[    0.177194] pci 0000:00:01.1: legacy IDE quirk: reg 0x10: [io  0x01f0-0x01f7]
[    0.177927] pci 0000:00:01.1: legacy IDE quirk: reg 0x14: [io  0x03f6]
[    0.178595] pci 0000:00:01.1: legacy IDE quirk: reg 0x18: [io  0x0170-0x0177]
[    0.179390] pci 0000:00:01.1: legacy IDE quirk: reg 0x1c: [io  0x0376]
[    0.217138] pci 0000:00:07.0: quirk: [io  0x4000-0x403f] claimed by PIIX4 ACPI
[    0.218004] pci 0000:00:07.0: quirk: [io  0x4100-0x410f] claimed by PIIX4 SMB
[    0.232836] ACPI: PCI Interrupt Link [LNKA] (IRQs 5 9 10 *11)
[    0.233736] ACPI: PCI Interrupt Link [LNKB] (IRQs 5 9 *10 11)
[    0.234425] ACPI: PCI Interrupt Link [LNKC] (IRQs 5 *9 10 11)
[    0.235146] ACPI: PCI Interrupt Link [LNKD] (IRQs 5 9 10 *11)
[    0.236196] SCSI subsystem initialized
[    0.237061] pci 0000:00:02.0: vgaarb: setting as boot VGA device
[    0.237061] pci 0000:00:02.0: vgaarb: VGA device added: decodes=io+mem,owns=io+mem,locks=none
[    0.237557] pci 0000:00:02.0: vgaarb: bridge control possible
[    0.238158] vgaarb: loaded
[    0.238509] ACPI: bus type USB registered
[    0.240024] usbcore: registered new interface driver usbfs
[    0.240611] usbcore: registered new interface driver hub
[    0.241281] usbcore: registered new device driver usb
[    0.241858] EDAC MC: Ver: 3.0.0
[    0.241858] PCI: Using ACPI for IRQ routing
[    0.241858] NetLabel: Initializing
[    0.244006] NetLabel:  domain hash size = 128
[    0.244495] NetLabel:  protocols = UNLABELED CIPSOv4 CALIPSO
[    0.245105] NetLabel:  unlabeled traffic allowed by default
[    0.245748] clocksource: Switched to clocksource kvm-clock
[    0.253381] VFS: Disk quotas dquot_6.6.0
[    0.253934] VFS: Dquot-cache hash table entries: 512 (order 0, 4096 bytes)
[    0.254717] AppArmor: AppArmor Filesystem Enabled
[    0.255253] pnp: PnP ACPI init
[    0.256332] pnp: PnP ACPI: found 3 devices
[    0.264146] clocksource: acpi_pm: mask: 0xffffff max_cycles: 0xffffff, max_idle_ns: 2085701024 ns
[    0.265156] NET: Registered protocol family 2
[    0.265771] TCP established hash table entries: 65536 (order: 7, 524288 bytes)
[    0.266659] TCP bind hash table entries: 65536 (order: 8, 1048576 bytes)
[    0.267935] TCP: Hash tables configured (established 65536 bind 65536)
[    0.268724] UDP hash table entries: 4096 (order: 5, 131072 bytes)
[    0.269434] UDP-Lite hash table entries: 4096 (order: 5, 131072 bytes)
[    0.270145] NET: Registered protocol family 1
[    0.270711] pci 0000:00:00.0: Limiting direct PCI/PCI transfers
[    0.271400] pci 0000:00:01.0: Activating ISA DMA hang workarounds
[    0.272089] pci 0000:00:02.0: Video device with shadowed ROM at [mem 0x000c0000-0x000dffff]
[    0.273066] Unpacking initramfs...
[    0.486421] Freeing initrd memory: 19204K
[    0.487022] PCI-DMA: Using software bounce buffering for IO (SWIOTLB)
[    0.487716] software IO TLB: mapped [mem 0xdbff0000-0xdfff0000] (64MB)
[    0.488473] clocksource: tsc: mask: 0xffffffffffffffff max_cycles: 0x396dbd7ca6a, max_idle_ns: 881590438159 ns
[    0.489526] platform rtc_cmos: registered platform RTC device (no PNP device found)
[    0.490818] Scanning for low memory corruption every 60 seconds
[    0.492187] Initialise system trusted keyrings
[    0.492682] Key type blacklist registered
[    0.493263] workingset: timestamp_bits=36 max_order=21 bucket_order=0
[    0.494591] zbud: loaded
[    0.495348] squashfs: version 4.0 (2009/01/31) Phillip Lougher
[    0.496151] fuse init (API version 7.26)
[    0.498779] Key type asymmetric registered
[    0.499322] Asymmetric key parser 'x509' registered
[    0.499871] Block layer SCSI generic (bsg) driver version 0.4 loaded (major 246)
[    0.500816] io scheduler noop registered
[    0.501253] io scheduler deadline registered
[    0.501746] io scheduler cfq registered (default)
[    0.502579] ACPI: AC Adapter [AC] (on-line)
[    0.503124] input: Power Button as /devices/LNXSYSTM:00/LNXPWRBN:00/input/input0
[    0.504137] ACPI: Power Button [PWRF]
[    0.504600] input: Sleep Button as /devices/LNXSYSTM:00/LNXSLPBN:00/input/input1
[    0.505390] ACPI: Sleep Button [SLPF]
[    0.506505] ACPI: Battery Slot [BAT0] (battery present)
[    0.507222] Serial: 8250/16550 driver, 32 ports, IRQ sharing enabled
[    0.528451] 00:02: ttyS0 at I/O 0x3f8 (irq = 4, base_baud = 115200) is a 16550A
[    0.530987] Linux agpgart interface v0.103
[    0.532566] loop: module loaded
[    0.533278] scsi host0: ata_piix
[    0.533768] scsi host1: ata_piix
[    0.534156] ata1: PATA max UDMA/33 cmd 0x1f0 ctl 0x3f6 bmdma 0xd000 irq 14
[    0.534868] ata2: PATA max UDMA/33 cmd 0x170 ctl 0x376 bmdma 0xd008 irq 15
[    0.535636] libphy: Fixed MDIO Bus: probed
[    0.536096] tun: Universal TUN/TAP device driver, 1.6
[    0.536793] PPP generic driver version 2.4.2
[    0.537356] ehci_hcd: USB 2.0 'Enhanced' Host Controller (EHCI) Driver
[    0.538032] ehci-pci: EHCI PCI platform driver
[    0.538519] ehci-platform: EHCI generic platform driver
[    0.539136] ohci_hcd: USB 1.1 'Open' Host Controller (OHCI) Driver
[    0.539784] ohci-pci: OHCI PCI platform driver
[    0.540291] ohci-platform: OHCI generic platform driver
[    0.540847] uhci_hcd: USB Universal Host Controller Interface driver
[    0.541535] i8042: PNP: PS/2 Controller [PNP0303:PS2K,PNP0f03:PS2M] at 0x60,0x64 irq 1,12
[    0.542751] serio: i8042 KBD port at 0x60,0x64 irq 1
[    0.543356] serio: i8042 AUX port at 0x60,0x64 irq 12
[    0.544089] mousedev: PS/2 mouse device common for all mice
[    0.545309] rtc_cmos rtc_cmos: rtc core: registered rtc_cmos as rtc0
[    0.546019] input: AT Translated Set 2 keyboard as /devices/platform/i8042/serio0/input/input2
[    0.547021] rtc_cmos rtc_cmos: alarms up to one day, 114 bytes nvram
[    0.547784] i2c /dev entries driver
[    0.548299] device-mapper: uevent: version 1.0.3
[    0.548881] device-mapper: ioctl: 4.37.0-ioctl (2017-09-20) initialised: dm-devel@redhat.com
[    0.549855] ledtrig-cpu: registered to indicate activity on CPUs
[    0.550740] NET: Registered protocol family 10
[    0.554856] Segment Routing with IPv6
[    0.555295] NET: Registered protocol family 17
[    0.555816] Key type dns_resolver registered
[    0.556645] mce: Using 0 MCE banks
[    0.557049] RAS: Correctable Errors collector initialized.
[    0.557649] sched_clock: Marking stable (556621291, 0)->(727473164, -170851873)
[    0.559110] registered taskstats version 1
[    0.559583] Loading compiled-in X.509 certificates
[    0.561784] Loaded X.509 cert 'Build time autogenerated kernel key: f0020782f0d3a548186fb3f47aed88387a71e859'
[    0.562815] zswap: loaded using pool lzo/zbud
[    0.565832] Key type big_key registered
[    0.566273] Key type trusted registered
[    0.568033] Key type encrypted registered
[    0.568499] AppArmor: AppArmor sha1 policy hashing enabled
[    0.569084] ima: No TPM chip found, activating TPM-bypass! (rc=-19)
[    0.569744] ima: Allocated hash algorithm: sha1
[    0.570243] evm: HMAC attrs: 0x1
[    0.570755]   Magic number: 12:218:935
[    0.571328] rtc_cmos rtc_cmos: setting system clock to 2020-03-01 12:54:05 UTC (1583067245)
[    0.572639] BIOS EDD facility v0.16 2004-Jun-25, 0 devices found
[    0.573463] EDD information not available.
[    0.736926] Freeing unused kernel image memory: 2428K
[    1.211307] Write protecting the kernel read-only data: 20480k
[    1.216378] Freeing unused kernel image memory: 2008K
[    1.217255] Freeing unused kernel image memory: 1880K
[    1.224117] x86/mm: Checked W+X mappings: passed, no W+X pages found.
[    1.224846] x86/mm: Checking user space page tables
[    1.231483] x86/mm: Checked W+X mappings: passed, no W+X pages found.
Loading, please wait...
starting version 237
[    1.287052] e1000: Intel(R) PRO/1000 Network Driver - version 7.3.21-k8-NAPI
[    1.287896] e1000: Copyright (c) 1999-2006 Intel Corporation.
[    1.288800] Fusion MPT base driver 3.04.20
[    1.289319] Copyright (c) 1999-2008 LSI Corporation
[    1.299941] Fusion MPT SPI Host driver 3.04.20
[    1.302301] AVX2 version of gcm_enc/dec engaged.
[    1.302814] AES CTR mode by8 optimization enabled
[    1.506445] input: ImExPS/2 Generic Explorer Mouse as /devices/platform/i8042/serio1/input/input4
[    1.635292] e1000 0000:00:03.0 eth0: (PCI:33MHz:32-bit) 02:86:7f:17:30:67
[    1.636060] e1000 0000:00:03.0 eth0: Intel(R) PRO/1000 Network Connection
[    1.637490] mptbase: ioc0: Initiating bringup
[    1.637639] e1000 0000:00:03.0 enp0s3: renamed from eth0
[    1.744834] ioc0: LSI53C1030 A0: Capabilities={Initiator}
[    1.994717] scsi host2: ioc0: LSI53C1030 A0, FwRev=00000000h, Ports=1, MaxQ=256, IRQ=20
[    2.165390] scsi 2:0:0:0: Direct-Access     VBOX     HARDDISK         1.0  PQ: 0 ANSI: 5
[    2.204205] scsi target2:0:0: Beginning Domain Validation
[    2.211849] scsi target2:0:0: Domain Validation skipping write tests
[    2.215394] scsi target2:0:0: Ending Domain Validation
[    2.218630] scsi target2:0:0: asynchronous
[    2.222769] scsi 2:0:1:0: Direct-Access     VBOX     HARDDISK         1.0  PQ: 0 ANSI: 5
[    2.256225] scsi target2:0:1: Beginning Domain Validation
[    2.273807] random: fast init done
[    2.276217] scsi target2:0:1: Domain Validation skipping write tests
[    2.279613] scsi target2:0:1: Ending Domain Validation
[    2.282886] scsi target2:0:1: asynchronous
[    2.299601] random: systemd-udevd: uninitialized urandom read (16 bytes read)
[    2.299836] sd 2:0:0:0: Attached scsi generic sg0 type 0
[    2.302026] random: systemd-udevd: uninitialized urandom read (16 bytes read)
[    2.303932] sd 2:0:1:0: Attached scsi generic sg1 type 0
[    2.305762] random: systemd-udevd: uninitialized urandom read (16 bytes read)
[    2.308833] sd 2:0:0:0: [sda] 20971520 512-byte logical blocks: (10.7 GB/10.0 GiB)
[    2.310530] sd 2:0:1:0: [sdb] 20480 512-byte logical blocks: (10.5 MB/10.0 MiB)
[    2.310609] sd 2:0:0:0: [sda] Write Protect is off
[    2.313125] sd 2:0:1:0: [sdb] Write Protect is off
[    2.313344] sd 2:0:0:0: [sda] Incomplete mode parameter data
[    2.315236] sd 2:0:0:0: [sda] Assuming drive cache: write through
[    2.316456] sd 2:0:1:0: [sdb] Incomplete mode parameter data
[    2.317381] sd 2:0:1:0: [sdb] Assuming drive cache: write through
[    2.321258]  sda: sda1
[    2.325696] sd 2:0:1:0: [sdb] Attached SCSI disk
[    2.327775] sd 2:0:0:0: [sda] Attached SCSI disk
Begin: Loading essential drivers ... [    3.676074] raid6: sse2x1   gen() 14089 MB/s
[    3.724069] raid6: sse2x1   xor()  8351 MB/s
[    3.772039] raid6: sse2x2   gen() 16555 MB/s
[    3.820068] raid6: sse2x2   xor() 10957 MB/s
[    3.868070] raid6: sse2x4   gen() 18596 MB/s
[    3.916069] raid6: sse2x4   xor() 11340 MB/s
[    3.964068] raid6: avx2x1   gen() 28371 MB/s
[    4.012064] raid6: avx2x1   xor() 16507 MB/s
[    4.060078] raid6: avx2x2   gen() 33123 MB/s
[    4.108065] raid6: avx2x2   xor() 21650 MB/s
[    4.156066] raid6: avx2x4   gen() 36641 MB/s
[    4.204058] raid6: avx2x4   xor() 22507 MB/s
[    4.204577] raid6: using algorithm avx2x4 gen() 36641 MB/s
[    4.205203] raid6: .... xor() 22507 MB/s, rmw enabled
[    4.205739] raid6: using avx2x2 recovery algorithm
[    4.207459] xor: automatically using best checksumming function   avx       
[    4.209134] async_tx: api initialized (async)
done.
Begin: Running /scripts/init-premount ... done.
Begin: Mounting root file system ... Begin: Running /scripts/local-top ... done.
Begin: Running /scripts/local-premount ... [    4.244666] Btrfs loaded, crc32c=crc32c-intel
Scanning for Btrfs filesystems
done.
Warning: fsck not present, so skipping root file system
[    4.276265] EXT4-fs (sda1): mounted filesystem with ordered data mode. Opts: (null)
done.
Begin: Running /scripts/local-bottom ... done.
Begin: Running /scripts/init-bottom ... done.
[    4.681239] ip_tables: (C) 2000-2006 Netfilter Core Team
[    4.688741] systemd[1]: systemd 237 running in system mode. (+PAM +AUDIT +SELINUX +IMA +APPARMOR +SMACK +SYSVINIT +UTMP +LIBCRYPTSETUP +GCRYPT +GNUTLS +ACL +XZ +LZ4 +SECCOMP +BLKID +ELFUTILS +KMOD -IDN2 +IDN -PCRE2 default-hierarchy=hybrid)
[    4.690989] systemd[1]: Detected virtualization oracle.
[    4.691546] systemd[1]: Detected architecture x86-64.

Welcome to [1mUbuntu 18.04.4 LTS[0m!

[    5.085055] systemd[1]: Set hostname to <ubuntu-bionic>.
[    5.395717] systemd[1]: Reached target System Time Synchronized.
[[0;32m  OK  [0m] Reached target System Time Synchronized.
[    5.399979] systemd[1]: Created slice User and Session Slice.
[[0;32m  OK  [0m] Created slice User and Session Slice.
[    5.402278] systemd[1]: Set up automount Arbitrary Executable File Formats File System Automount Point.
[[0;32m  OK  [0m] Set up automount Arbitrary Executab…rmats File System Automount Point.
[    5.405453] systemd[1]: Reached target User and Group Name Lookups.
[[0;32m  OK  [0m] Reached target User and Group Name Lookups.
[    5.407329] systemd[1]: Reached target Swap.
[[0;32m  OK  [0m] Reached target Swap.
[    5.409038] systemd[1]: Created slice System Slice.
[[0;32m  OK  [0m] Created slice System Slice.
[[0;32m  OK  [0m] Listening on Network Service Netlink Socket.
[[0;32m  OK  [0m] Listening on Journal Audit Socket.
[[0;32m  OK  [0m] Listening on Journal Socket.
         Mounting POSIX Message Queue File System...
         Mounting Huge Pages File System...
[[0;32m  OK  [0m] Listening on Device-mapper event daemon FIFOs.
[[0;32m  OK  [0m] Reached target Slices.
         Starting Create list of required st…ce nodes for the current kernel...
         Mounting Kernel Debug File System...
[[0;32m  OK  [0m] Listening on /dev/initctl Compatibility Named Pipe.
[[0;32m  OK  [0m] Listening on LVM2 poll daemon socket.
[[0;32m  OK  [0m] Listening on udev Kernel Socket.
         Starting Set the console keyboard layout...
         Starting Load Kernel Modules...
         Starting Remount Root and Kernel File Systems...
[[0;32m  OK  [0m] Listening on Syslog Socket.
[[0;32m  OK  [0m] Listening on LVM2 metadata daemon socket.
         Starting Monitoring of LVM2 mirrors…ng dmeventd or progress polling...
         Starting Uncomplicated firewall...
[[0;32m  OK  [0m] Listening on Journal Socket (/dev/log).
         Starting Journal Service...
[    5.450835] Loading iSCSI transport class v2.0-870.
[    5.458645] iscsi: registered transport (tcp)
[    5.472207] iscsi: registered transport (iser)
[[0;32m  OK  [0m] Created slice system-serial\x2dgetty.slice.
[[0;32m  OK  [0m] Started Forward Password Requests to Wall Directory Watch.
[[0;32m  OK  [0m] Listening on udev Control Socket.
         Starting udev Coldplug all Devices...
[[0;32m  OK  [0m] Mounted POSIX Message Queue File System.
[[0;32m  OK  [0m] Mounted Huge Pages File System.
[[0;32m  OK  [0m] Started Create list of required sta…vice nodes for the current kernel.
[[0;32m  OK  [0m] Mounted Kernel Debug File System.
[[0;32m  OK  [0m] Started Load Kernel Modules.
[    5.540993] EXT4-fs (sda1): re-mounted. Opts: (null)
[[0;32m  OK  [0m] Started Uncomplicated firewall.
[[0;32m  OK  [0m] Started Remount Root and Kernel File Systems.
[[0;32m  OK  [0m] Started LVM2 metadata daemon.
         Starting Load/Save Random Seed...
         Mounting FUSE Control File System...
         Mounting Kernel Configuration File System...
         Starting Apply Kernel Variables...
         Starting Create Static Device Nodes in /dev...
[[0;32m  OK  [0m] Mounted FUSE Control File System.
[[0;32m  OK  [0m] Mounted Kernel Configuration File System.
[[0;32m  OK  [0m] Started Load/Save Random Seed.
[[0;32m  OK  [0m] Started Journal Service.
[[0;32m  OK  [0m] Started udev Coldplug all Devices.
         Starting Flush Journal to Persistent Storage...
[[0;32m  OK  [0m] Started Create Static Device Nodes in /dev.
         Starting udev Kernel Device Manager...
[[0;32m  OK  [0m] Started Monitoring of LVM2 mirrors,…sing dmeventd or progress polling.
[[0;32m  OK  [0m] Started Apply Kernel Variables.
[[0;32m  OK  [0m] Started udev Kernel Device Manager.
[[0;32m  OK  [0m] Started Set the console keyboard layout.
[[0;32m  OK  [0m] Reached target Local File Systems (Pre).
[[0;32m  OK  [0m] Reached target Local File Systems.
         Starting Set console font and keymap...
         Starting AppArmor initialization...
         Starting ebtables ruleset management...
         Starting Tell Plymouth To Write Out Runtime Data...
[[0;32m  OK  [0m] Started Dispatch Password Requests to Console Directory Watch.
[[0;32m  OK  [0m] Reached target Local Encrypted Volumes.
[[0;32m  OK  [0m] Started Set console font and keymap.
[[0;32m  OK  [0m] Started Tell Plymouth To Write Out Runtime Data.
[[0;32m  OK  [0m] Started Flush Journal to Persistent Storage.
         Starting Create Volatile Files and Directories...
[[0;32m  OK  [0m] Started Create Volatile Files and Directories.
         Starting Update UTMP about System Boot/Shutdown...
[[0;32m  OK  [0m] Started Update UTMP about System Boot/Shutdown.
[[0;32m  OK  [0m] Started ebtables ruleset management.
[[0;32m  OK  [0m] Found device /dev/ttyS0.
[[0;32m  OK  [0m] Started AppArmor initialization.
[[0;32m  OK  [0m] Listening on Load/Save RF Kill Switch Status /dev/rfkill Watch.
         Starting Initial cloud-init job (pre-networking)...
[    7.062097] cloud-init[530]: Cloud-init v. 19.4-33-gbb4131a2-0ubuntu1~18.04.1 running 'init-local' at Sun, 01 Mar 2020 12:54:11 +0000. Up 6.89 seconds.
[[0;32m  OK  [0m] Started Initial cloud-init job (pre-networking).
[[0;32m  OK  [0m] Reached target Network (Pre).
         Starting Network Service...
[[0;32m  OK  [0m] Started Network Service.
         Starting Wait for Network to be Configured...
         Starting Network Name Resolution...
[[0;32m  OK  [0m] Started Network Name Resolution.
[[0;32m  OK  [0m] Reached target Network.
[[0;32m  OK  [0m] Reached target Host and Network Name Lookups.
[[0;32m  OK  [0m] Started Wait for Network to be Configured.
         Starting Initial cloud-init job (metadata service crawler)...
[    9.346611] cloud-init[665]: Cloud-init v. 19.4-33-gbb4131a2-0ubuntu1~18.04.1 running 'init' at Sun, 01 Mar 2020 12:54:14 +0000. Up 9.11 seconds.
[    9.347755] cloud-init[665]: ci-info: ++++++++++++++++++++++++++++++++++++++Net device info++++++++++++++++++++++++++++++++++++++
[    9.348758] cloud-init[665]: ci-info: +--------+------+----------------------------+---------------+--------+-------------------+
[    9.349638] cloud-init[665]: ci-info: | Device |  Up  |          Address           |      Mask     | Scope  |     Hw-Address    |
[    9.350618] cloud-init[665]: ci-info: +--------+------+----------------------------+---------------+--------+-------------------+
[    9.351550] cloud-init[665]: ci-info: | enp0s3 | True |         10.0.2.15          | 255.255.255.0 | global | 02:86:7f:17:30:67 |
[    9.352567] cloud-init[665]: ci-info: | enp0s3 | True | fe80::86:7fff:fe17:3067/64 |       .       |  link  | 02:86:7f:17:30:67 |
[    9.353543] cloud-init[665]: ci-info: |   lo   | True |         127.0.0.1          |   255.0.0.0   |  host  |         .         |
[    9.354509] cloud-init[665]: ci-info: |   lo   | True |          ::1/128           |       .       |  host  |         .         |
[    9.355474] cloud-init[665]: ci-info: +--------+------+----------------------------+---------------+--------+-------------------+
[    9.356476] cloud-init[665]: ci-info: ++++++++++++++++++++++++++++Route IPv4 info+++++++++++++++++++++++++++++
[    9.357233] cloud-init[665]: ci-info: +-------+-------------+----------+-----------------+-----------+-------+
[    9.359379] cloud-init[665]: ci-info: | Route | Destination | Gateway  |     Genmask     | Interface | Flags |
[    9.360288] cloud-init[665]: ci-info: +-------+-------------+----------+-----------------+-----------+-------+
[    9.361052] cloud-init[665]: ci-info: |   0   |   0.0.0.0   | 10.0.2.2 |     0.0.0.0     |   enp0s3  |   UG  |
[    9.361874] cloud-init[665]: ci-info: |   1   |   10.0.2.0  | 0.0.0.0  |  255.255.255.0  |   enp0s3  |   U   |
[    9.362576] cloud-init[665]: ci-info: |   2   |   10.0.2.2  | 0.0.0.0  | 255.255.255.255 |   enp0s3  |   UH  |
[    9.363305] cloud-init[665]: ci-info: +-------+-------------+----------+-----------------+-----------+-------+
[    9.364171] cloud-init[665]: ci-info: +++++++++++++++++++Route IPv6 info+++++++++++++++++++
[    9.364920] cloud-init[665]: ci-info: +-------+-------------+---------+-----------+-------+
[    9.365674] cloud-init[665]: ci-info: | Route | Destination | Gateway | Interface | Flags |
[    9.366411] cloud-init[665]: ci-info: +-------+-------------+---------+-----------+-------+
[    9.367153] cloud-init[665]: ci-info: |   1   |  fe80::/64  |    ::   |   enp0s3  |   U   |
[    9.368103] cloud-init[665]: ci-info: |   3   |    local    |    ::   |   enp0s3  |   U   |
[    9.370045] cloud-init[665]: ci-info: |   4   |   ff00::/8  |    ::   |   enp0s3  |   U   |
[    9.370858] cloud-init[665]: ci-info: +-------+-------------+---------+-----------+-------+
[[0;32m  OK  [0m] Started Initial cloud-init job (metadata service crawler).
[[0;32m  OK  [0m] Reached target Network is Online.
         Starting Availability of block devices...
[[0;32m  OK  [0m] Reached target Remote File Systems (Pre).
[[0;32m  OK  [0m] Reached target Remote File Systems.
[[0;32m  OK  [0m] Reached target System Initialization.
         Starting LXD - unix socket.
[[0;32m  OK  [0m] Listening on D-Bus System Message Bus Socket.
[[0;32m  OK  [0m] Started Daily apt download activities.
[[0;32m  OK  [0m] Listening on Open-iSCSI iscsid Socket.
[[0;32m  OK  [0m] Started ACPI Events Check.
[[0;32m  OK  [0m] Listening on UUID daemon activation socket.
[[0;32m  OK  [0m] Started Daily Cleanup of Temporary Directories.
[[0;32m  OK  [0m] Listening on ACPID Listen Socket.
[[0;32m  OK  [0m] Started Discard unused blocks once a week.
         Starting Socket activation for snappy daemon.
[[0;32m  OK  [0m] Started Daily apt upgrade and clean activities.
         Starting Docker Socket for the API.
[[0;32m  OK  [0m] Reached target Paths.
[[0;32m  OK  [0m] Started Message of the Day.
[[0;32m  OK  [0m] Reached target Timers.
[[0;32m  OK  [0m] Reached target Cloud-config availability.
[[0;32m  OK  [0m] Started Availability of block devices.
[[0;32m  OK  [0m] Listening on LXD - unix socket.
[[0;32m  OK  [0m] Listening on Socket activation for snappy daemon.
[[0;32m  OK  [0m] Listening on Docker Socket for the API.
[[0;32m  OK  [0m] Reached target Sockets.
[[0;32m  OK  [0m] Reached target Basic System.
[[0;32m  OK  [0m] Started D-Bus System Message Bus.
[[0;32m  OK  [0m] Started FUSE filesystem for LXC.
         Starting LSB: automatic crash report generation...
         Starting Accounts Service...
         Starting containerd container runtime...
[[0;32m  OK  [0m] Started Deferred execution scheduler.
         Starting Login Service...
         Starting The Apache HTTP Server...
         Starting Snappy daemon...
         Starting Dispatcher daemon for systemd-networkd...
         Starting System Logging Service...
[[0;32m  OK  [0m] Started irqbalance daemon.
         Starting LSB: Record successful boot for GRUB...
         Starting A high performance web server and a reverse proxy server...
         Starting Permit User Sessions...
         Starting OpenBSD Secure Shell server...
         Starting Virtualbox guest utils...
[[0;32m  OK  [0m] Started Regular background program processing daemon.
         Starting LXD - container startup/shutdown...
[[0;32m  OK  [0m] Started containerd container runtime.
[[0;32m  OK  [0m] Started Login Service.
[[0;32m  OK  [0m] Started Unattended Upgrades Shutdown.
         Starting Docker Application Container Engine...
[[0;32m  OK  [0m] Started System Logging Service.
[[0;32m  OK  [0m] Started Permit User Sessions.
         Starting Terminate Plymouth Boot Screen...
         Starting Hold until boot process finishes up...
[[0;32m  OK  [0m] Started Hold until boot process finishes up.
         Starting Set console scheme...
[[0;32m  OK  [0m] Started Serial Getty on ttyS0.
[[0;32m  OK  [0m] Started Terminate Plymouth Boot Screen.
[[0;32m  OK  [0m] Started Set console scheme.
[[0;32m  OK  [0m] Created slice system-getty.slice.
[[0;32m  OK  [0m] Started Getty on tty1.
[[0;32m  OK  [0m] Reached target Login Prompts.
         Starting Authorization Manager...
[[0;32m  OK  [0m] Started OpenBSD Secure Shell server.
[[0;32m  OK  [0m] Started LSB: automatic crash report generation.
[[0;32m  OK  [0m] Started LSB: Record successful boot for GRUB.
[[0;32m  OK  [0m] Started Authorization Manager.
[[0;32m  OK  [0m] Started Accounts Service.
[[0;32m  OK  [0m] Started A high performance web server and a reverse proxy server.
[[0;32m  OK  [0m] Started LXD - container startup/shutdown.
[[0;32m  OK  [0m] Started Virtualbox guest utils.
[[0;1;31mFAILED[0m] Failed to start The Apache HTTP Server.
See 'systemctl status apache2.service' for details.
[[0;32m  OK  [0m] Started Snappy daemon.
         Starting Wait until snapd is fully seeded...
[[0;32m  OK  [0m] Started Dispatcher daemon for systemd-networkd.
[[0;32m  OK  [0m] Started Wait until snapd is fully seeded.
         Starting Apply the settings specified in cloud-config...
[   11.643583] cloud-init[1188]: Cloud-init v. 19.4-33-gbb4131a2-0ubuntu1~18.04.1 running 'modules:config' at Sun, 01 Mar 2020 12:54:16 +0000. Up 11.55 seconds.
[[0;32m  OK  [0m] Started Apply the settings specified in cloud-config.
[[0;32m  OK  [0m] Created slice User Slice of vagrant.
         Starting User Manager for UID 1000...
[[0;32m  OK  [0m] Started Session 1 of user vagrant.
[[0;32m  OK  [0m] Started User Manager for UID 1000.
[   15.426428] cloud-init[1836]: Cloud-init v. 19.4-33-gbb4131a2-0ubuntu1~18.04.1 running 'modules:final' at Sun, 01 Mar 2020 12:54:20 +0000. Up 15.34 seconds.
[   15.426558] cloud-init[1836]: Cloud-init v. 19.4-33-gbb4131a2-0ubuntu1~18.04.1 finished at Sun, 01 Mar 2020 12:54:20 +0000. Datasource DataSourceNoCloud [seed=/dev/sdb][dsmode=net].  Up 15.42 seconds

Ubuntu 18.04.4 LTS ubuntu-bionic ttyS0

ubuntu-bionic login: 